# JRE version: OpenJDK Runtime Environment (8.0_152-b01) (build 1.8.0_152-release-1343-b01)
# Java VM: OpenJDK 64-Bit Server VM (25.152-b01 mixed mode bsd-amd64 compressed oops)
Heap:
 PSYoungGen      total 406528K, used 406520K [0x00000007a0000000, 0x00000007c0000000, 0x00000007c0000000)
  eden space 323584K, 100% used [0x00000007a0000000,0x00000007b3c00000,0x00000007b3c00000)
  from space 82944K, 99% used [0x00000007baf00000,0x00000007bfffe2a8,0x00000007c0000000)
  to   space 100352K, 84% used [0x00000007b3c00000,0x00000007b8e94d58,0x00000007b9e00000)
 ParOldGen       total 327168K, used 165785K [0x0000000760000000, 0x0000000773f80000, 0x00000007a0000000)
  object space 327168K, 50% used [0x0000000760000000,0x000000076a1e6630,0x0000000773f80000)
 Metaspace       used 107711K, capacity 116108K, committed 116376K, reserved 1150976K
  class space    used 13380K, capacity 14671K, committed 14760K, reserved 1048576K
GC Heap History (10 events):
Event: 2694.569 GC heap after
Heap after GC invocations=33 (full 5):
 PSYoungGen      total 442368K, used 22002K [0x00000007a0000000, 0x00000007bf880000, 0x00000007c0000000)
  eden space 368128K, 0% used [0x00000007a0000000,0x00000007a0000000,0x00000007b6780000)
  from space 74240K, 29% used [0x00000007bb000000,0x00000007bc57c998,0x00000007bf880000)
  to   space 74240K, 0% used [0x00000007b6780000,0x00000007b6780000,0x00000007bb000000)
 ParOldGen       total 327168K, used 153263K [0x0000000760000000, 0x0000000773f80000, 0x00000007a0000000)
  object space 327168K, 46% used [0x0000000760000000,0x00000007695abd38,0x0000000773f80000)
 Metaspace       used 105927K, capacity 112960K, committed 113176K, reserved 1148928K
  class space    used 13167K, capacity 14281K, committed 14376K, reserved 1048576K
}
Event: 2718.085 GC heap before
{Heap before GC invocations=34 (full 5):
 PSYoungGen      total 442368K, used 390130K [0x00000007a0000000, 0x00000007bf880000, 0x00000007c0000000)
  eden space 368128K, 100% used [0x00000007a0000000,0x00000007b6780000,0x00000007b6780000)
  from space 74240K, 29% used [0x00000007bb000000,0x00000007bc57c998,0x00000007bf880000)
  to   space 74240K, 0% used [0x00000007b6780000,0x00000007b6780000,0x00000007bb000000)
 ParOldGen       total 327168K, used 153263K [0x0000000760000000, 0x0000000773f80000, 0x00000007a0000000)
  object space 327168K, 46% used [0x0000000760000000,0x00000007695abd38,0x0000000773f80000)
 Metaspace       used 107121K, capacity 115298K, committed 115480K, reserved 1150976K
  class space    used 13342K, capacity 14606K, committed 14632K, reserved 1048576K
Event: 2718.193 GC heap after
Heap after GC invocations=34 (full 5):
 PSYoungGen      total 442368K, used 58661K [0x00000007a0000000, 0x00000007c0000000, 0x00000007c0000000)
  eden space 368128K, 0% used [0x00000007a0000000,0x00000007a0000000,0x00000007b6780000)
  from space 74240K, 79% used [0x00000007b6780000,0x00000007ba0c9508,0x00000007bb000000)
  to   space 80896K, 0% used [0x00000007bb100000,0x00000007bb100000,0x00000007c0000000)
 ParOldGen       total 327168K, used 153271K [0x0000000760000000, 0x0000000773f80000, 0x00000007a0000000)
  object space 327168K, 46% used [0x0000000760000000,0x00000007695add38,0x0000000773f80000)
 Metaspace       used 107121K, capacity 115298K, committed 115480K, reserved 1150976K
  class space    used 13342K, capacity 14606K, committed 14632K, reserved 1048576K
}
Event: 2721.616 GC heap before
{Heap before GC invocations=35 (full 5):
 PSYoungGen      total 442368K, used 426789K [0x00000007a0000000, 0x00000007c0000000, 0x00000007c0000000)
  eden space 368128K, 100% used [0x00000007a0000000,0x00000007b6780000,0x00000007b6780000)
  from space 74240K, 79% used [0x00000007b6780000,0x00000007ba0c9508,0x00000007bb000000)
  to   space 80896K, 0% used [0x00000007bb100000,0x00000007bb100000,0x00000007c0000000)
 ParOldGen       total 327168K, used 153271K [0x0000000760000000, 0x0000000773f80000, 0x00000007a0000000)
  object space 327168K, 46% used [0x0000000760000000,0x00000007695add38,0x0000000773f80000)
 Metaspace       used 107222K, capacity 115448K, committed 115480K, reserved 1150976K
  class space    used 13343K, capacity 14607K, committed 14632K, reserved 1048576K
Event: 2721.715 GC heap after
Heap after GC invocations=35 (full 5):
 PSYoungGen      total 441344K, used 48770K [0x00000007a0000000, 0x00000007c0000000, 0x00000007c0000000)
  eden space 360448K, 0% used [0x00000007a0000000,0x00000007a0000000,0x00000007b6000000)
  from space 80896K, 60% used [0x00000007bb100000,0x00000007be0a0af0,0x00000007c0000000)
  to   space 81920K, 0% used [0x00000007b6000000,0x00000007b6000000,0x00000007bb000000)
 ParOldGen       total 327168K, used 153279K [0x0000000760000000, 0x0000000773f80000, 0x00000007a0000000)
  object space 327168K, 46% used [0x0000000760000000,0x00000007695afd38,0x0000000773f80000)
 Metaspace       used 107222K, capacity 115448K, committed 115480K, reserved 1150976K
  class space    used 13343K, capacity 14607K, committed 14632K, reserved 1048576K
}
Event: 3391.558 GC heap before
{Heap before GC invocations=36 (full 5):
 PSYoungGen      total 441344K, used 409216K [0x00000007a0000000, 0x00000007c0000000, 0x00000007c0000000)
  eden space 360448K, 99% used [0x00000007a0000000,0x00000007b5fff788,0x00000007b6000000)
  from space 80896K, 60% used [0x00000007bb100000,0x00000007be0a0af0,0x00000007c0000000)
  to   space 81920K, 0% used [0x00000007b6000000,0x00000007b6000000,0x00000007bb000000)
 ParOldGen       total 327168K, used 153279K [0x0000000760000000, 0x0000000773f80000, 0x00000007a0000000)
  object space 327168K, 46% used [0x0000000760000000,0x00000007695afd38,0x0000000773f80000)
 Metaspace       used 107425K, capacity 115824K, committed 116120K, reserved 1150976K
  class space    used 13360K, capacity 14637K, committed 14760K, reserved 1048576K
Event: 3391.625 GC heap after
Heap after GC invocations=36 (full 5):
 PSYoungGen      total 409600K, used 49104K [0x00000007a0000000, 0x00000007c0000000, 0x00000007c0000000)
  eden space 360448K, 0% used [0x00000007a0000000,0x00000007a0000000,0x00000007b6000000)
  from space 49152K, 99% used [0x00000007b6000000,0x00000007b8ff4340,0x00000007b9000000)
  to   space 82944K, 0% used [0x00000007baf00000,0x00000007baf00000,0x00000007c0000000)
 ParOldGen       total 327168K, used 153287K [0x0000000760000000, 0x0000000773f80000, 0x00000007a0000000)
  object space 327168K, 46% used [0x0000000760000000,0x00000007695b1d38,0x0000000773f80000)
 Metaspace       used 107425K, capacity 115824K, committed 116120K, reserved 1150976K
  class space    used 13360K, capacity 14637K, committed 14760K, reserved 1048576K
}
Event: 3434.074 GC heap before
{Heap before GC invocations=37 (full 5):
 PSYoungGen      total 409600K, used 409552K [0x00000007a0000000, 0x00000007c0000000, 0x00000007c0000000)
  eden space 360448K, 100% used [0x00000007a0000000,0x00000007b6000000,0x00000007b6000000)
  from space 49152K, 99% used [0x00000007b6000000,0x00000007b8ff4340,0x00000007b9000000)
  to   space 82944K, 0% used [0x00000007baf00000,0x00000007baf00000,0x00000007c0000000)
 ParOldGen       total 327168K, used 153287K [0x0000000760000000, 0x0000000773f80000, 0x00000007a0000000)
  object space 327168K, 46% used [0x0000000760000000,0x00000007695b1d38,0x0000000773f80000)
 Metaspace       used 107549K, capacity 115904K, committed 116120K, reserved 1150976K
  class space    used 13368K, capacity 14649K, committed 14760K, reserved 1048576K
Event: 3434.240 GC heap after
Heap after GC invocations=37 (full 5):
 PSYoungGen      total 406528K, used 82936K [0x00000007a0000000, 0x00000007c0000000, 0x00000007c0000000)
  eden space 323584K, 0% used [0x00000007a0000000,0x00000007a0000000,0x00000007b3c00000)
  from space 82944K, 99% used [0x00000007baf00000,0x00000007bfffe2a8,0x00000007c0000000)
  to   space 100352K, 0% used [0x00000007b3c00000,0x00000007b3c00000,0x00000007b9e00000)
 ParOldGen       total 327168K, used 165337K [0x0000000760000000, 0x0000000773f80000, 0x00000007a0000000)
  object space 327168K, 50% used [0x0000000760000000,0x000000076a176630,0x0000000773f80000)
 Metaspace       used 107549K, capacity 115904K, committed 116120K, reserved 1150976K
  class space    used 13368K, capacity 14649K, committed 14760K, reserved 1048576K
}
Event: 3924.482 GC heap before
{Heap before GC invocations=38 (full 5):
 PSYoungGen      total 406528K, used 406520K [0x00000007a0000000, 0x00000007c0000000, 0x00000007c0000000)
  eden space 323584K, 100% used [0x00000007a0000000,0x00000007b3c00000,0x00000007b3c00000)
  from space 82944K, 99% used [0x00000007baf00000,0x00000007bfffe2a8,0x00000007c0000000)
  to   space 100352K, 0% used [0x00000007b3c00000,0x00000007b3c00000,0x00000007b9e00000)
 ParOldGen       total 327168K, used 165337K [0x0000000760000000, 0x0000000773f80000, 0x00000007a0000000)
  object space 327168K, 50% used [0x0000000760000000,0x000000076a176630,0x0000000773f80000)
 Metaspace       used 107711K, capacity 116108K, committed 116376K, reserved 1150976K
  class space    used 13380K, capacity 14671K, committed 14760K, reserved 1048576K

